This is pdfTeX, Version 3.14159265-2.6-1.40.17 (TeX Live 2016) (preloaded format=pdflatex 2016.5.22)  21 NOV 2016 11:49
entering extended mode
 restricted \write18 enabled.
 %&-line parsing enabled.
**HojaTituloMSc.tex
(./HojaTituloMSc.tex
LaTeX2e <2016/03/31>
Babel <3.9r> and hyphenation patterns for 83 language(s) loaded.

! LaTeX Error: Missing \begin{document}.

See the LaTeX manual or LaTeX Companion for explanation.
Type  H <return>  for immediate help.
 ...                                              
                                                  
l.3 \begin{center}
                  
You're in trouble here.  Try typing  <return>  to proceed.
If that doesn't work, type  X <return>  to quit.


Overfull \hbox (20.0pt too wide) in paragraph at lines 3--3
[] 
 []


! LaTeX Error: Environment figure undefined.

See the LaTeX manual or LaTeX Companion for explanation.
Type  H <return>  for immediate help.
 ...                                              
                                                  
l.4 \begin{figure}
                  
Your command was ignored.
Type  I <command> <return>  to replace it with another command,
or  <return>  to continue without it.

! Undefined control sequence.
l.6 \epsfig
           {file=titulo/EscudoUN.eps,scale=1}%
The control sequence at the end of the top line
of your error message was never \def'ed. If you have
misspelled it (e.g., `\hobx'), type `I' and the correct
spelling (e.g., `I\hbox'). Otherwise just continue,
and I'll forget about whatever was undefined.

Missing character: There is no f in font nullfont!
Missing character: There is no i in font nullfont!
Missing character: There is no l in font nullfont!
Missing character: There is no e in font nullfont!
Missing character: There is no = in font nullfont!
Missing character: There is no t in font nullfont!
Missing character: There is no i in font nullfont!
Missing character: There is no t in font nullfont!
Missing character: There is no u in font nullfont!
Missing character: There is no l in font nullfont!
Missing character: There is no o in font nullfont!
Missing character: There is no / in font nullfont!
Missing character: There is no E in font nullfont!
Missing character: There is no s in font nullfont!
Missing character: There is no c in font nullfont!
Missing character: There is no u in font nullfont!
Missing character: There is no d in font nullfont!
Missing character: There is no o in font nullfont!
Missing character: There is no U in font nullfont!
Missing character: There is no N in font nullfont!
Missing character: There is no . in font nullfont!
Missing character: There is no e in font nullfont!
Missing character: There is no p in font nullfont!
Missing character: There is no s in font nullfont!
Missing character: There is no , in font nullfont!
Missing character: There is no s in font nullfont!
Missing character: There is no c in font nullfont!
Missing character: There is no a in font nullfont!
Missing character: There is no l in font nullfont!
Missing character: There is no e in font nullfont!
Missing character: There is no = in font nullfont!
Missing character: There is no 1 in font nullfont!

! LaTeX Error: \begin{center} on input line 3 ended by \end{figure}.

See the LaTeX manual or LaTeX Companion for explanation.
Type  H <return>  for immediate help.
 ...                                              
                                                  
l.7 \end{figure}
                
Your command was ignored.
Type  I <command> <return>  to replace it with another command,
or  <return>  to continue without it.

! Undefined control sequence.
<recently read> \huge 
                      
l.9 ...cytes under an induced inflammatory model.}
                                                  \\[3.0cm]
The control sequence at the end of the top line
of your error message was never \def'ed. If you have
misspelled it (e.g., `\hobx'), type `I' and the correct
spelling (e.g., `I\hbox'). Otherwise just continue,
and I'll forget about whatever was undefined.


Overfull \hbox (26.24292pt too wide) in paragraph at lines 6--9
 \OT1/cmr/bx/n/10 Iden- 
 []


Overfull \hbox (11.49994pt too wide) in paragraph at lines 6--9
 \OT1/cmr/bx/n/10 ti- 
 []


Overfull \hbox (13.4166pt too wide) in paragraph at lines 6--9
 \OT1/cmr/bx/n/10 fy- 
 []


Overfull \hbox (15.33325pt too wide) in paragraph at lines 6--9
 \OT1/cmr/bx/n/10 ing 
 []


Overfull \hbox (20.70824pt too wide) in paragraph at lines 6--9
 \OT1/cmr/bx/n/10 pro- 
 []


Overfull \hbox (23.86237pt too wide) in paragraph at lines 6--9
 \OT1/cmr/bx/n/10 teins 
 []


Overfull \hbox (18.36794pt too wide) in paragraph at lines 6--9
 \OT1/cmr/bx/n/10 and 
 []


Overfull \hbox (48.87473pt too wide) in paragraph at lines 6--9
 \OT1/cmr/bx/n/10 metabolic 
 []


Overfull \hbox (26.67345pt too wide) in paragraph at lines 6--9
 \OT1/cmr/bx/n/10 path- 
 []


Overfull \hbox (23.86234pt too wide) in paragraph at lines 6--9
 \OT1/cmr/bx/n/10 ways 
 []


Overfull \hbox (13.95961pt too wide) in paragraph at lines 6--9
 \OT1/cmr/bx/n/10 as- 
 []


Overfull \hbox (14.11935pt too wide) in paragraph at lines 6--9
 \OT1/cmr/bx/n/10 so- 
 []


Overfull \hbox (12.13882pt too wide) in paragraph at lines 6--9
 \OT1/cmr/bx/n/10 ci- 
 []


Overfull \hbox (21.72209pt too wide) in paragraph at lines 6--9
 \OT1/cmr/bx/n/10 ated 
 []


Overfull \hbox (10.22217pt too wide) in paragraph at lines 6--9
 \OT1/cmr/bx/n/10 to 
 []


Overfull \hbox (16.13187pt too wide) in paragraph at lines 6--9
 \OT1/cmr/bx/n/10 the 
 []


Overfull \hbox (21.88184pt too wide) in paragraph at lines 6--9
 \OT1/cmr/bx/n/10 neu- 
 []


Overfull \hbox (14.31938pt too wide) in paragraph at lines 6--9
 \OT1/cmr/bx/n/10 ro- 
 []


Overfull \hbox (20.70824pt too wide) in paragraph at lines 6--9
 \OT1/cmr/bx/n/10 pro- 
 []


Overfull \hbox (18.68741pt too wide) in paragraph at lines 6--9
 \OT1/cmr/bx/n/10 tec- 
 []


Overfull \hbox (18.68741pt too wide) in paragraph at lines 6--9
 \OT1/cmr/bx/n/10 tive 
 []


Overfull \hbox (13.84023pt too wide) in paragraph at lines 6--9
 \OT1/cmr/bx/n/10 re- 
 []


Overfull \hbox (33.19008pt too wide) in paragraph at lines 6--9
 \OT1/cmr/bx/n/10 sponse 
 []


Overfull \hbox (18.68741pt too wide) in paragraph at lines 6--9
 \OT1/cmr/bx/n/10 me- 
 []


Overfull \hbox (13.4166pt too wide) in paragraph at lines 6--9
 \OT1/cmr/bx/n/10 di- 
 []


Overfull \hbox (21.72209pt too wide) in paragraph at lines 6--9
 \OT1/cmr/bx/n/10 ated 
 []


Overfull \hbox (12.13882pt too wide) in paragraph at lines 6--9
 \OT1/cmr/bx/n/10 by 
 []


Overfull \hbox (11.49994pt too wide) in paragraph at lines 6--9
 \OT1/cmr/bx/n/10 ti- 
 []


Overfull \hbox (33.06233pt too wide) in paragraph at lines 6--9
 \OT1/cmr/bx/n/10 bolone 
 []


Overfull \hbox (9.58328pt too wide) in paragraph at lines 6--9
 \OT1/cmr/bx/n/10 in 
 []


Overfull \hbox (13.95961pt too wide) in paragraph at lines 6--9
 \OT1/cmr/bx/n/10 as- 
 []


Overfull \hbox (18.79158pt too wide) in paragraph at lines 6--9
 \OT1/cmr/bx/n/10 tro- 
 []


Overfull \hbox (25.45958pt too wide) in paragraph at lines 6--9
 \OT1/cmr/bx/n/10 cytes 
 []


Overfull \hbox (16.61102pt too wide) in paragraph at lines 6--9
 \OT1/cmr/bx/n/10 un- 
 []


Overfull \hbox (16.39577pt too wide) in paragraph at lines 6--9
 \OT1/cmr/bx/n/10 der 
 []


Overfull \hbox (11.97908pt too wide) in paragraph at lines 6--9
 \OT1/cmr/bx/n/10 an 
 []


Overfull \hbox (13.4166pt too wide) in paragraph at lines 6--9
 \OT1/cmr/bx/n/10 in- 
 []


Overfull \hbox (29.54846pt too wide) in paragraph at lines 6--9
 \OT1/cmr/bx/n/10 duced 
 []


Overfull \hbox (13.4166pt too wide) in paragraph at lines 6--9
 \OT1/cmr/bx/n/10 in- 
 []


Overfull \hbox (25.39568pt too wide) in paragraph at lines 6--9
 \OT1/cmr/bx/n/10 flam- 
 []


Overfull \hbox (19.00682pt too wide) in paragraph at lines 6--9
 \OT1/cmr/bx/n/10 ma- 
 []


Overfull \hbox (21.02768pt too wide) in paragraph at lines 6--9
 \OT1/cmr/bx/n/10 tory 
 []


Overfull \hbox (33.70122pt too wide) in paragraph at lines 6--9
 \OT1/cmr/bx/n/10 model. 
 []

! Undefined control sequence.
l.10 \Large
           \textbf{Daniel Camilo Osorio Hurtado}\\[6.0cm]
The control sequence at the end of the top line
of your error message was never \def'ed. If you have
misspelled it (e.g., `\hobx'), type `I' and the correct
spelling (e.g., `I\hbox'). Otherwise just continue,
and I'll forget about whatever was undefined.


Overfull \hbox (32.45815pt too wide) in paragraph at lines 10--10
 []\OT1/cmr/bx/n/10 Daniel 
 []


Overfull \hbox (35.61784pt too wide) in paragraph at lines 10--10
 \OT1/cmr/bx/n/10 Camilo 
 []


Overfull \hbox (17.00822pt too wide) in paragraph at lines 10--10
 \OT1/cmr/bx/n/10 Os- 
 []


Overfull \hbox (9.58328pt too wide) in paragraph at lines 10--10
 \OT1/cmr/bx/n/10 o- 
 []


Overfull \hbox (13.6805pt too wide) in paragraph at lines 10--10
 \OT1/cmr/bx/n/10 rio 
 []


Overfull \hbox (23.95822pt too wide) in paragraph at lines 10--10
 \OT1/cmr/bx/n/10 Hur- 
 []


Overfull \hbox (22.20125pt too wide) in paragraph at lines 10--10
 \OT1/cmr/bx/n/10 tado 
 []

! Undefined control sequence.
l.11 \small
            Universidad Nacional de Colombia\\
The control sequence at the end of the top line
of your error message was never \def'ed. If you have
misspelled it (e.g., `\hobx'), type `I' and the correct
spelling (e.g., `I\hbox'). Otherwise just continue,
and I'll forget about whatever was undefined.

Missing character: There is no U in font nullfont!
Missing character: There is no n in font nullfont!
Missing character: There is no i in font nullfont!
Missing character: There is no v in font nullfont!
Missing character: There is no e in font nullfont!
Missing character: There is no r in font nullfont!
Missing character: There is no s in font nullfont!
Missing character: There is no i in font nullfont!
Missing character: There is no d in font nullfont!
Missing character: There is no a in font nullfont!
Missing character: There is no d in font nullfont!
Missing character: There is no N in font nullfont!
Missing character: There is no a in font nullfont!
Missing character: There is no c in font nullfont!
Missing character: There is no i in font nullfont!
Missing character: There is no o in font nullfont!
Missing character: There is no n in font nullfont!
Missing character: There is no a in font nullfont!
Missing character: There is no l in font nullfont!
Missing character: There is no d in font nullfont!
Missing character: There is no e in font nullfont!
Missing character: There is no C in font nullfont!
Missing character: There is no o in font nullfont!
Missing character: There is no l in font nullfont!
Missing character: There is no o in font nullfont!
Missing character: There is no m in font nullfont!
Missing character: There is no b in font nullfont!
Missing character: There is no i in font nullfont!
Missing character: There is no a in font nullfont!
Missing character: There is no F in font nullfont!
Missing character: There is no a in font nullfont!
Missing character: There is no c in font nullfont!
Missing character: There is no u in font nullfont!
Missing character: There is no l in font nullfont!
Missing character: There is no t in font nullfont!
Missing character: There is no a in font nullfont!
Missing character: There is no d in font nullfont!
Missing character: There is no d in font nullfont!
Missing character: There is no e in font nullfont!
Missing character: There is no I in font nullfont!
Missing character: There is no n in font nullfont!
Missing character: There is no g in font nullfont!
Missing character: There is no e in font nullfont!
Missing character: There is no n in font nullfont!
Missing character: There is no i in font nullfont!
Missing character: There is no e in font nullfont!
Missing character: There is no r in font nullfont!
Missing character: There is no Ã in font nullfont!
Missing character: There is no ­ in font nullfont!
Missing character: There is no a in font nullfont!
Missing character: There is no , in font nullfont!
Missing character: There is no D in font nullfont!
Missing character: There is no e in font nullfont!
Missing character: There is no p in font nullfont!
Missing character: There is no a in font nullfont!
Missing character: There is no r in font nullfont!
Missing character: There is no t in font nullfont!
Missing character: There is no a in font nullfont!
Missing character: There is no m in font nullfont!
Missing character: There is no e in font nullfont!
Missing character: There is no n in font nullfont!
Missing character: There is no t in font nullfont!
Missing character: There is no o in font nullfont!
Missing character: There is no d in font nullfont!
Missing character: There is no e in font nullfont!
Missing character: There is no I in font nullfont!
Missing character: There is no n in font nullfont!
Missing character: There is no g in font nullfont!
Missing character: There is no e in font nullfont!
Missing character: There is no n in font nullfont!
Missing character: There is no i in font nullfont!
Missing character: There is no e in font nullfont!
Missing character: There is no r in font nullfont!
Missing character: There is no Ã in font nullfont!
Missing character: There is no ­ in font nullfont!
Missing character: There is no a in font nullfont!
Missing character: There is no d in font nullfont!
Missing character: There is no e in font nullfont!
Missing character: There is no S in font nullfont!
Missing character: There is no i in font nullfont!
Missing character: There is no s in font nullfont!
Missing character: There is no t in font nullfont!
Missing character: There is no e in font nullfont!
Missing character: There is no m in font nullfont!
Missing character: There is no a in font nullfont!
Missing character: There is no s in font nullfont!
Missing character: There is no e in font nullfont!
Missing character: There is no I in font nullfont!
Missing character: There is no n in font nullfont!
Missing character: There is no d in font nullfont!
Missing character: There is no u in font nullfont!
Missing character: There is no s in font nullfont!
Missing character: There is no t in font nullfont!
Missing character: There is no r in font nullfont!
Missing character: There is no i in font nullfont!
Missing character: There is no a in font nullfont!
Missing character: There is no l in font nullfont!
Missing character: There is no B in font nullfont!
Missing character: There is no o in font nullfont!
Missing character: There is no g in font nullfont!
Missing character: There is no o in font nullfont!
Missing character: There is no t in font nullfont!
Missing character: There is no Ã in font nullfont!
Missing character: There is no ¡ in font nullfont!
Missing character: There is no , in font nullfont!
Missing character: There is no C in font nullfont!
Missing character: There is no o in font nullfont!
Missing character: There is no l in font nullfont!
Missing character: There is no o in font nullfont!
Missing character: There is no m in font nullfont!
Missing character: There is no b in font nullfont!
Missing character: There is no i in font nullfont!
Missing character: There is no a in font nullfont!
Missing character: There is no 2 in font nullfont!
Missing character: There is no 0 in font nullfont!
Missing character: There is no 1 in font nullfont!
Missing character: There is no 6 in font nullfont!

! LaTeX Error: The font size command \normalsize is not defined:
               there is probably something wrong with the class file.

See the LaTeX manual or LaTeX Companion for explanation.
Type  H <return>  for immediate help.
 ...                                              
                                                  
l.17 \newpage
             {\pagestyle{empty}\cleardoublepage}
Your command was ignored.
Type  I <command> <return>  to replace it with another command,
or  <return>  to continue without it.

[1{/usr/local/texlive/2016/texmf-var/fonts/map/pdftex/updmap/pdftex.map}]
Overfull \hbox (20.0pt too wide) in paragraph at lines 20--20
[] 
 []

! Undefined control sequence.
<recently read> \huge 
                      
l.22 ...ytes under an induced inflammatory model.}
                                                  \\[2.0cm]
The control sequence at the end of the top line
of your error message was never \def'ed. If you have
misspelled it (e.g., `\hobx'), type `I' and the correct
spelling (e.g., `I\hbox'). Otherwise just continue,
and I'll forget about whatever was undefined.


Overfull \hbox (54.67332pt too wide) in paragraph at lines 22--22
 \OT1/cmr/bx/n/10 Identifying 
 []


Overfull \hbox (20.70824pt too wide) in paragraph at lines 22--22
 \OT1/cmr/bx/n/10 pro- 
 []


Overfull \hbox (23.86237pt too wide) in paragraph at lines 22--22
 \OT1/cmr/bx/n/10 teins 
 []


Overfull \hbox (18.36794pt too wide) in paragraph at lines 22--22
 \OT1/cmr/bx/n/10 and 
 []


Overfull \hbox (48.87473pt too wide) in paragraph at lines 22--22
 \OT1/cmr/bx/n/10 metabolic 
 []


Overfull \hbox (26.67345pt too wide) in paragraph at lines 22--22
 \OT1/cmr/bx/n/10 path- 
 []


Overfull \hbox (23.86234pt too wide) in paragraph at lines 22--22
 \OT1/cmr/bx/n/10 ways 
 []


Overfull \hbox (13.95961pt too wide) in paragraph at lines 22--22
 \OT1/cmr/bx/n/10 as- 
 []


Overfull \hbox (14.11935pt too wide) in paragraph at lines 22--22
 \OT1/cmr/bx/n/10 so- 
 []


Overfull \hbox (12.13882pt too wide) in paragraph at lines 22--22
 \OT1/cmr/bx/n/10 ci- 
 []


Overfull \hbox (21.72209pt too wide) in paragraph at lines 22--22
 \OT1/cmr/bx/n/10 ated 
 []


Overfull \hbox (10.22217pt too wide) in paragraph at lines 22--22
 \OT1/cmr/bx/n/10 to 
 []


Overfull \hbox (16.13187pt too wide) in paragraph at lines 22--22
 \OT1/cmr/bx/n/10 the 
 []


Overfull \hbox (21.88184pt too wide) in paragraph at lines 22--22
 \OT1/cmr/bx/n/10 neu- 
 []


Overfull \hbox (14.31938pt too wide) in paragraph at lines 22--22
 \OT1/cmr/bx/n/10 ro- 
 []


Overfull \hbox (20.70824pt too wide) in paragraph at lines 22--22
 \OT1/cmr/bx/n/10 pro- 
 []


Overfull \hbox (18.68741pt too wide) in paragraph at lines 22--22
 \OT1/cmr/bx/n/10 tec- 
 []


Overfull \hbox (18.68741pt too wide) in paragraph at lines 22--22
 \OT1/cmr/bx/n/10 tive 
 []


Overfull \hbox (13.84023pt too wide) in paragraph at lines 22--22
 \OT1/cmr/bx/n/10 re- 
 []


Overfull \hbox (33.19008pt too wide) in paragraph at lines 22--22
 \OT1/cmr/bx/n/10 sponse 
 []


Overfull \hbox (18.68741pt too wide) in paragraph at lines 22--22
 \OT1/cmr/bx/n/10 me- 
 []


Overfull \hbox (13.4166pt too wide) in paragraph at lines 22--22
 \OT1/cmr/bx/n/10 di- 
 []


Overfull \hbox (21.72209pt too wide) in paragraph at lines 22--22
 \OT1/cmr/bx/n/10 ated 
 []


Overfull \hbox (12.13882pt too wide) in paragraph at lines 22--22
 \OT1/cmr/bx/n/10 by 
 []


Overfull \hbox (11.49994pt too wide) in paragraph at lines 22--22
 \OT1/cmr/bx/n/10 ti- 
 []


Overfull \hbox (33.06233pt too wide) in paragraph at lines 22--22
 \OT1/cmr/bx/n/10 bolone 
 []


Overfull \hbox (9.58328pt too wide) in paragraph at lines 22--22
 \OT1/cmr/bx/n/10 in 
 []


Overfull \hbox (13.95961pt too wide) in paragraph at lines 22--22
 \OT1/cmr/bx/n/10 as- 
 []


Overfull \hbox (18.79158pt too wide) in paragraph at lines 22--22
 \OT1/cmr/bx/n/10 tro- 
 []


Overfull \hbox (25.45958pt too wide) in paragraph at lines 22--22
 \OT1/cmr/bx/n/10 cytes 
 []


Overfull \hbox (16.61102pt too wide) in paragraph at lines 22--22
 \OT1/cmr/bx/n/10 un- 
 []


Overfull \hbox (16.39577pt too wide) in paragraph at lines 22--22
 \OT1/cmr/bx/n/10 der 
 []


Overfull \hbox (11.97908pt too wide) in paragraph at lines 22--22
 \OT1/cmr/bx/n/10 an 
 []


Overfull \hbox (13.4166pt too wide) in paragraph at lines 22--22
 \OT1/cmr/bx/n/10 in- 
 []


Overfull \hbox (29.54846pt too wide) in paragraph at lines 22--22
 \OT1/cmr/bx/n/10 duced 
 []


Overfull \hbox (13.4166pt too wide) in paragraph at lines 22--22
 \OT1/cmr/bx/n/10 in- 
 []


Overfull \hbox (25.39568pt too wide) in paragraph at lines 22--22
 \OT1/cmr/bx/n/10 flam- 
 []


Overfull \hbox (19.00682pt too wide) in paragraph at lines 22--22
 \OT1/cmr/bx/n/10 ma- 
 []


Overfull \hbox (21.02768pt too wide) in paragraph at lines 22--22
 \OT1/cmr/bx/n/10 tory 
 []


Overfull \hbox (33.70122pt too wide) in paragraph at lines 22--22
 \OT1/cmr/bx/n/10 model. 
 []

! Undefined control sequence.
l.23 \Large
           \textbf{Daniel Camilo Osorio Hurtado}\\[2.0cm]
The control sequence at the end of the top line
of your error message was never \def'ed. If you have
misspelled it (e.g., `\hobx'), type `I' and the correct
spelling (e.g., `I\hbox'). Otherwise just continue,
and I'll forget about whatever was undefined.


Overfull \hbox (32.45815pt too wide) in paragraph at lines 23--23
 []\OT1/cmr/bx/n/10 Daniel 
 []


Overfull \hbox (35.61784pt too wide) in paragraph at lines 23--23
 \OT1/cmr/bx/n/10 Camilo 
 []


Overfull \hbox (17.00822pt too wide) in paragraph at lines 23--23
 \OT1/cmr/bx/n/10 Os- 
 []


Overfull \hbox (9.58328pt too wide) in paragraph at lines 23--23
 \OT1/cmr/bx/n/10 o- 
 []


Overfull \hbox (13.6805pt too wide) in paragraph at lines 23--23
 \OT1/cmr/bx/n/10 rio 
 []


Overfull \hbox (23.95822pt too wide) in paragraph at lines 23--23
 \OT1/cmr/bx/n/10 Hur- 
 []


Overfull \hbox (22.20125pt too wide) in paragraph at lines 23--23
 \OT1/cmr/bx/n/10 tado 
 []

! Undefined control sequence.
l.24 \small
            Tesis presentada como requisito parcial para optar al
The control sequence at the end of the top line
of your error message was never \def'ed. If you have
misspelled it (e.g., `\hobx'), type `I' and the correct
spelling (e.g., `I\hbox'). Otherwise just continue,
and I'll forget about whatever was undefined.

Missing character: There is no T in font nullfont!
Missing character: There is no e in font nullfont!
Missing character: There is no s in font nullfont!
Missing character: There is no i in font nullfont!
Missing character: There is no s in font nullfont!
Missing character: There is no p in font nullfont!
Missing character: There is no r in font nullfont!
Missing character: There is no e in font nullfont!
Missing character: There is no s in font nullfont!
Missing character: There is no e in font nullfont!
Missing character: There is no n in font nullfont!
Missing character: There is no t in font nullfont!
Missing character: There is no a in font nullfont!
Missing character: There is no d in font nullfont!
Missing character: There is no a in font nullfont!
Missing character: There is no c in font nullfont!
Missing character: There is no o in font nullfont!
Missing character: There is no m in font nullfont!
Missing character: There is no o in font nullfont!
Missing character: There is no r in font nullfont!
Missing character: There is no e in font nullfont!
Missing character: There is no q in font nullfont!
Missing character: There is no u in font nullfont!
Missing character: There is no i in font nullfont!
Missing character: There is no s in font nullfont!
Missing character: There is no i in font nullfont!
Missing character: There is no t in font nullfont!
Missing character: There is no o in font nullfont!
Missing character: There is no p in font nullfont!
Missing character: There is no a in font nullfont!
Missing character: There is no r in font nullfont!
Missing character: There is no c in font nullfont!
Missing character: There is no i in font nullfont!
Missing character: There is no a in font nullfont!
Missing character: There is no l in font nullfont!
Missing character: There is no p in font nullfont!
Missing character: There is no a in font nullfont!
Missing character: There is no r in font nullfont!
Missing character: There is no a in font nullfont!
Missing character: There is no o in font nullfont!
Missing character: There is no p in font nullfont!
Missing character: There is no t in font nullfont!
Missing character: There is no a in font nullfont!
Missing character: There is no r in font nullfont!
Missing character: There is no a in font nullfont!
Missing character: There is no l in font nullfont!
Missing character: There is no t in font nullfont!
LaTeX Font Info:    Try loading font information for +cmr on input line 25.
LaTeX Font Info:    No file cmr.fd. on input line 25.

LaTeX Font Warning: Font shape `/cmr/m/n' undefined
(Font)              using `/cmr/m/n' instead on input line 25.

! Corrupted NFSS tables.
wrong@fontshape ...message {Corrupted NFSS tables}
                                                  error@fontshape else let f...
l.25 t\'{\i}
            tulo de:\\
This error message was generated by an \errmessage
command, so I can't give any explicit help.
Pretend that you're Hercule Poirot: Examine all clues,
and deduce the truth by order and method.


LaTeX Font Warning: Font shape `/cmr/m/n' undefined
(Font)              using `OT1/cmr/m/n' instead on input line 25.

Missing character: There is no t in font nullfont!
Missing character: There is no u in font nullfont!
Missing character: There is no l in font nullfont!
Missing character: There is no o in font nullfont!
Missing character: There is no d in font nullfont!
Missing character: There is no e in font nullfont!
Missing character: There is no : in font nullfont!

Overfull \hbox (7.7778pt too wide) in paragraph at lines 24--25
 \/cmr/m/n/10 ^^S^^P 
 []

Missing character: There is no Ã in font cmbx10!
Missing character: There is no ¡ in font cmbx10!

Overfull \hbox (44.46642pt too wide) in paragraph at lines 26--26
 []\OT1/cmr/bx/n/10 Magister 
 []


Overfull \hbox (11.65967pt too wide) in paragraph at lines 26--26
 \OT1/cmr/bx/n/10 en 
 []


Overfull \hbox (30.5415pt too wide) in paragraph at lines 26--26
 \OT1/cmr/bx/n/10 Bioin- 
 []


Overfull \hbox (41.63171pt too wide) in paragraph at lines 26--26
 \OT1/cmr/bx/n/10 formtica 
 []

Missing character: There is no D in font nullfont!
Missing character: There is no i in font nullfont!
Missing character: There is no r in font nullfont!
Missing character: There is no e in font nullfont!
Missing character: There is no c in font nullfont!
Missing character: There is no t in font nullfont!
Missing character: There is no o in font nullfont!
Missing character: There is no r in font nullfont!
Missing character: There is no a in font nullfont!
Missing character: There is no : in font nullfont!
Missing character: There is no P in font nullfont!
Missing character: There is no h in font nullfont!
Missing character: There is no . in font nullfont!
Missing character: There is no D in font nullfont!
Missing character: There is no . in font nullfont!
Missing character: There is no J in font nullfont!
Missing character: There is no a in font nullfont!
Missing character: There is no n in font nullfont!
Missing character: There is no n in font nullfont!
Missing character: There is no e in font nullfont!
Missing character: There is no t in font nullfont!
Missing character: There is no h in font nullfont!
Missing character: There is no G in font nullfont!
Missing character: There is no o in font nullfont!
Missing character: There is no n in font nullfont!
Missing character: There is no z in font nullfont!
Missing character: There is no a in font nullfont!
Missing character: There is no l in font nullfont!
Missing character: There is no e in font nullfont!
Missing character: There is no z in font nullfont!
Missing character: There is no S in font nullfont!
Missing character: There is no a in font nullfont!
Missing character: There is no n in font nullfont!
Missing character: There is no t in font nullfont!
Missing character: There is no o in font nullfont!
Missing character: There is no s in font nullfont!
Missing character: There is no C in font nullfont!
Missing character: There is no o in font nullfont!
Missing character: There is no - in font nullfont!
Missing character: There is no D in font nullfont!
Missing character: There is no i in font nullfont!
Missing character: There is no r in font nullfont!
Missing character: There is no e in font nullfont!
Missing character: There is no c in font nullfont!
Missing character: There is no t in font nullfont!
Missing character: There is no o in font nullfont!
Missing character: There is no r in font nullfont!
Missing character: There is no : in font nullfont!
Missing character: There is no P in font nullfont!
Missing character: There is no h in font nullfont!
Missing character: There is no . in font nullfont!
Missing character: There is no D in font nullfont!
Missing character: There is no . in font nullfont!
Missing character: There is no A in font nullfont!
Missing character: There is no n in font nullfont!
Missing character: There is no d in font nullfont!
Missing character: There is no r in font nullfont!
Missing character: There is no Ã in font nullfont!
Missing character: There is no © in font nullfont!
Missing character: There is no s in font nullfont!
Missing character: There is no M in font nullfont!
Missing character: There is no a in font nullfont!
Missing character: There is no u in font nullfont!
Missing character: There is no r in font nullfont!
Missing character: There is no i in font nullfont!
Missing character: There is no c in font nullfont!
Missing character: There is no i in font nullfont!
Missing character: There is no o in font nullfont!
Missing character: There is no P in font nullfont!
Missing character: There is no i in font nullfont!
Missing character: There is no n in font nullfont!
Missing character: There is no z in font nullfont!
Missing character: There is no Ã in font nullfont!
Missing character: There is no ³ in font nullfont!
Missing character: There is no n in font nullfont!
Missing character: There is no V in font nullfont!
Missing character: There is no e in font nullfont!
Missing character: There is no l in font nullfont!
Missing character: There is no a in font nullfont!
Missing character: There is no s in font nullfont!
Missing character: There is no c in font nullfont!
Missing character: There is no o in font nullfont!
Missing character: There is no L in font nullfont!
Missing character: There is no n in font nullfont!
Missing character: There is no e in font nullfont!
Missing character: There is no a in font nullfont!
Missing character: There is no d in font nullfont!
Missing character: There is no e in font nullfont!
Missing character: There is no I in font nullfont!
Missing character: There is no n in font nullfont!
Missing character: There is no v in font nullfont!
Missing character: There is no e in font nullfont!
Missing character: There is no s in font nullfont!
Missing character: There is no t in font nullfont!
Missing character: There is no i in font nullfont!
Missing character: There is no g in font nullfont!
Missing character: There is no a in font nullfont!
Missing character: There is no c in font nullfont!
Missing character: There is no i in font nullfont!
Missing character: There is no n in font nullfont!
Missing character: There is no : in font nullfont!

Overfull \hbox (2.77779pt too wide) in paragraph at lines 31--31
 []\/cmr/m/n/10 ^^S^^P 
 []


Overfull \hbox (5.00002pt too wide) in paragraph at lines 31--31
 \/cmr/m/n/10 ^^So 
 []

Missing character: There is no B in font nullfont!
Missing character: There is no i in font nullfont!
Missing character: There is no o in font nullfont!
Missing character: There is no l in font nullfont!
Missing character: There is no o in font nullfont!
Missing character: There is no g in font nullfont!
Missing character: There is no a in font nullfont!
Missing character: There is no d in font nullfont!
Missing character: There is no e in font nullfont!
Missing character: There is no S in font nullfont!
Missing character: There is no i in font nullfont!
Missing character: There is no s in font nullfont!
Missing character: There is no t in font nullfont!
Missing character: There is no e in font nullfont!
Missing character: There is no m in font nullfont!
Missing character: There is no a in font nullfont!
Missing character: There is no s in font nullfont!
Missing character: There is no - in font nullfont!
Missing character: There is no R in font nullfont!
Missing character: There is no e in font nullfont!
Missing character: There is no c in font nullfont!
Missing character: There is no o in font nullfont!
Missing character: There is no n in font nullfont!
Missing character: There is no s in font nullfont!
Missing character: There is no t in font nullfont!
Missing character: There is no r in font nullfont!
Missing character: There is no u in font nullfont!
Missing character: There is no c in font nullfont!
Missing character: There is no c in font nullfont!
Missing character: There is no i in font nullfont!
Missing character: There is no Ã in font nullfont!
Missing character: There is no ³ in font nullfont!
Missing character: There is no n in font nullfont!
Missing character: There is no y in font nullfont!
Missing character: There is no A in font nullfont!
Missing character: There is no n in font nullfont!
Missing character: There is no Ã in font nullfont!
Missing character: There is no ¡ in font nullfont!
Missing character: There is no l in font nullfont!
Missing character: There is no i in font nullfont!
Missing character: There is no s in font nullfont!
Missing character: There is no i in font nullfont!
Missing character: There is no s in font nullfont!
Missing character: There is no d in font nullfont!
Missing character: There is no e in font nullfont!
Missing character: There is no R in font nullfont!
Missing character: There is no e in font nullfont!
Missing character: There is no d in font nullfont!
Missing character: There is no e in font nullfont!
Missing character: There is no s in font nullfont!
Missing character: There is no M in font nullfont!
Missing character: There is no e in font nullfont!
Missing character: There is no t in font nullfont!
Missing character: There is no a in font nullfont!
Missing character: There is no b in font nullfont!
Missing character: There is no o in font nullfont!
Missing character: There is no l in font nullfont!
Missing character: There is no i in font nullfont!
Missing character: There is no c in font nullfont!
Missing character: There is no a in font nullfont!
Missing character: There is no s in font nullfont!

Overfull \hbox (2.77779pt too wide) in paragraph at lines 32--32
 [][]\/cmr/m/n/10 i 
 []

Missing character: There is no G in font nullfont!
Missing character: There is no r in font nullfont!
Missing character: There is no u in font nullfont!
Missing character: There is no p in font nullfont!
Missing character: There is no o in font nullfont!
Missing character: There is no s in font nullfont!
Missing character: There is no d in font nullfont!
Missing character: There is no e in font nullfont!
Missing character: There is no I in font nullfont!
Missing character: There is no n in font nullfont!
Missing character: There is no v in font nullfont!
Missing character: There is no e in font nullfont!
Missing character: There is no s in font nullfont!
Missing character: There is no t in font nullfont!
Missing character: There is no i in font nullfont!
Missing character: There is no g in font nullfont!
Missing character: There is no a in font nullfont!
Missing character: There is no c in font nullfont!
Missing character: There is no i in font nullfont!
Missing character: There is no n in font nullfont!
Missing character: There is no : in font nullfont!

Overfull \hbox (5.00002pt too wide) in paragraph at lines 33--33
 \/cmr/m/n/10 ^^So 
 []

Missing character: There is no B in font nullfont!
Missing character: There is no i in font nullfont!
Missing character: There is no o in font nullfont!
Missing character: There is no q in font nullfont!
Missing character: There is no u in font nullfont!
Missing character: There is no Ã in font nullfont!
Missing character: There is no ­ in font nullfont!
Missing character: There is no m in font nullfont!
Missing character: There is no i in font nullfont!
Missing character: There is no c in font nullfont!
Missing character: There is no a in font nullfont!
Missing character: There is no E in font nullfont!
Missing character: There is no x in font nullfont!
Missing character: There is no p in font nullfont!
Missing character: There is no e in font nullfont!
Missing character: There is no r in font nullfont!
Missing character: There is no i in font nullfont!
Missing character: There is no m in font nullfont!
Missing character: There is no e in font nullfont!
Missing character: There is no n in font nullfont!
Missing character: There is no t in font nullfont!
Missing character: There is no a in font nullfont!
Missing character: There is no l in font nullfont!
Missing character: There is no y in font nullfont!
Missing character: There is no C in font nullfont!
Missing character: There is no o in font nullfont!
Missing character: There is no m in font nullfont!
Missing character: There is no p in font nullfont!
Missing character: There is no u in font nullfont!
Missing character: There is no t in font nullfont!
Missing character: There is no a in font nullfont!
Missing character: There is no c in font nullfont!
Missing character: There is no i in font nullfont!
Missing character: There is no o in font nullfont!
Missing character: There is no n in font nullfont!
Missing character: There is no a in font nullfont!
Missing character: There is no l in font nullfont!
Missing character: There is no - in font nullfont!
Missing character: There is no P in font nullfont!
Missing character: There is no o in font nullfont!
Missing character: There is no n in font nullfont!
Missing character: There is no t in font nullfont!
Missing character: There is no i in font nullfont!
Missing character: There is no f in font nullfont!
Missing character: There is no i in font nullfont!
Missing character: There is no c in font nullfont!
Missing character: There is no i in font nullfont!
Missing character: There is no a in font nullfont!
Missing character: There is no U in font nullfont!
Missing character: There is no n in font nullfont!
Missing character: There is no i in font nullfont!
Missing character: There is no v in font nullfont!
Missing character: There is no e in font nullfont!
Missing character: There is no r in font nullfont!
Missing character: There is no s in font nullfont!
Missing character: There is no i in font nullfont!
Missing character: There is no d in font nullfont!
Missing character: There is no a in font nullfont!
Missing character: There is no d in font nullfont!
Missing character: There is no J in font nullfont!
Missing character: There is no a in font nullfont!
Missing character: There is no v in font nullfont!
Missing character: There is no e in font nullfont!
Missing character: There is no r in font nullfont!
Missing character: There is no i in font nullfont!
Missing character: There is no a in font nullfont!
Missing character: There is no n in font nullfont!
Missing character: There is no a in font nullfont!
Missing character: There is no B in font nullfont!
Missing character: There is no i in font nullfont!
Missing character: There is no o in font nullfont!
Missing character: There is no i in font nullfont!
Missing character: There is no n in font nullfont!
Missing character: There is no f in font nullfont!
Missing character: There is no o in font nullfont!
Missing character: There is no r in font nullfont!
Missing character: There is no m in font nullfont!
Missing character: There is no Ã in font nullfont!
Missing character: There is no ¡ in font nullfont!
Missing character: There is no t in font nullfont!
Missing character: There is no i in font nullfont!
Missing character: There is no c in font nullfont!
Missing character: There is no a in font nullfont!
Missing character: There is no y in font nullfont!
Missing character: There is no B in font nullfont!
Missing character: There is no i in font nullfont!
Missing character: There is no o in font nullfont!
Missing character: There is no l in font nullfont!
Missing character: There is no o in font nullfont!
Missing character: There is no g in font nullfont!
Missing character: There is no Ã in font nullfont!
Missing character: There is no ­ in font nullfont!
Missing character: There is no a in font nullfont!
Missing character: There is no d in font nullfont!
Missing character: There is no e in font nullfont!
Missing character: There is no S in font nullfont!
Missing character: There is no i in font nullfont!
Missing character: There is no s in font nullfont!
Missing character: There is no t in font nullfont!
Missing character: There is no e in font nullfont!
Missing character: There is no m in font nullfont!
Missing character: There is no a in font nullfont!
Missing character: There is no s in font nullfont!
Missing character: There is no C in font nullfont!
Missing character: There is no o in font nullfont!
Missing character: There is no m in font nullfont!
Missing character: There is no p in font nullfont!
Missing character: There is no u in font nullfont!
Missing character: There is no t in font nullfont!
Missing character: There is no a in font nullfont!
Missing character: There is no c in font nullfont!
Missing character: There is no i in font nullfont!
Missing character: There is no o in font nullfont!
Missing character: There is no n in font nullfont!
Missing character: There is no a in font nullfont!
Missing character: There is no l in font nullfont!
Missing character: There is no - in font nullfont!
Missing character: There is no U in font nullfont!
Missing character: There is no n in font nullfont!
Missing character: There is no i in font nullfont!
Missing character: There is no v in font nullfont!
Missing character: There is no e in font nullfont!
Missing character: There is no r in font nullfont!
Missing character: There is no s in font nullfont!
Missing character: There is no i in font nullfont!
Missing character: There is no d in font nullfont!
Missing character: There is no a in font nullfont!
Missing character: There is no d in font nullfont!
Missing character: There is no N in font nullfont!
Missing character: There is no a in font nullfont!
Missing character: There is no c in font nullfont!
Missing character: There is no i in font nullfont!
Missing character: There is no o in font nullfont!
Missing character: There is no n in font nullfont!
Missing character: There is no a in font nullfont!
Missing character: There is no l in font nullfont!
Missing character: There is no d in font nullfont!
Missing character: There is no e in font nullfont!
Missing character: There is no C in font nullfont!
Missing character: There is no o in font nullfont!
Missing character: There is no l in font nullfont!
Missing character: There is no o in font nullfont!
Missing character: There is no m in font nullfont!
Missing character: There is no b in font nullfont!
Missing character: There is no i in font nullfont!
Missing character: There is no a in font nullfont!
Missing character: There is no U in font nullfont!
Missing character: There is no n in font nullfont!
Missing character: There is no i in font nullfont!
Missing character: There is no v in font nullfont!
Missing character: There is no e in font nullfont!
Missing character: There is no r in font nullfont!
Missing character: There is no s in font nullfont!
Missing character: There is no i in font nullfont!
Missing character: There is no d in font nullfont!
Missing character: There is no a in font nullfont!
Missing character: There is no d in font nullfont!
Missing character: There is no N in font nullfont!
Missing character: There is no a in font nullfont!
Missing character: There is no c in font nullfont!
Missing character: There is no i in font nullfont!
Missing character: There is no o in font nullfont!
Missing character: There is no n in font nullfont!
Missing character: There is no a in font nullfont!
Missing character: There is no l in font nullfont!
Missing character: There is no d in font nullfont!
Missing character: There is no e in font nullfont!
Missing character: There is no C in font nullfont!
Missing character: There is no o in font nullfont!
Missing character: There is no l in font nullfont!
Missing character: There is no o in font nullfont!
Missing character: There is no m in font nullfont!
Missing character: There is no b in font nullfont!
Missing character: There is no i in font nullfont!
Missing character: There is no a in font nullfont!
Missing character: There is no F in font nullfont!
Missing character: There is no a in font nullfont!
Missing character: There is no c in font nullfont!
Missing character: There is no u in font nullfont!
Missing character: There is no l in font nullfont!
Missing character: There is no t in font nullfont!
Missing character: There is no a in font nullfont!
Missing character: There is no d in font nullfont!
Missing character: There is no d in font nullfont!
Missing character: There is no e in font nullfont!
Missing character: There is no I in font nullfont!
Missing character: There is no n in font nullfont!
Missing character: There is no g in font nullfont!
Missing character: There is no e in font nullfont!
Missing character: There is no n in font nullfont!
Missing character: There is no i in font nullfont!
Missing character: There is no e in font nullfont!
Missing character: There is no r in font nullfont!
Missing character: There is no Ã in font nullfont!
Missing character: There is no ­ in font nullfont!
Missing character: There is no a in font nullfont!
Missing character: There is no , in font nullfont!
Missing character: There is no D in font nullfont!
Missing character: There is no e in font nullfont!
Missing character: There is no p in font nullfont!
Missing character: There is no a in font nullfont!
Missing character: There is no r in font nullfont!
Missing character: There is no t in font nullfont!
Missing character: There is no a in font nullfont!
Missing character: There is no m in font nullfont!
Missing character: There is no e in font nullfont!
Missing character: There is no n in font nullfont!
Missing character: There is no t in font nullfont!
Missing character: There is no o in font nullfont!
Missing character: There is no d in font nullfont!
Missing character: There is no e in font nullfont!
Missing character: There is no I in font nullfont!
Missing character: There is no n in font nullfont!
Missing character: There is no g in font nullfont!
Missing character: There is no e in font nullfont!
Missing character: There is no n in font nullfont!
Missing character: There is no i in font nullfont!
Missing character: There is no e in font nullfont!
Missing character: There is no r in font nullfont!
Missing character: There is no Ã in font nullfont!
Missing character: There is no ­ in font nullfont!
Missing character: There is no a in font nullfont!
Missing character: There is no d in font nullfont!
Missing character: There is no e in font nullfont!
Missing character: There is no S in font nullfont!
Missing character: There is no i in font nullfont!
Missing character: There is no s in font nullfont!
Missing character: There is no t in font nullfont!
Missing character: There is no e in font nullfont!
Missing character: There is no m in font nullfont!
Missing character: There is no a in font nullfont!
Missing character: There is no s in font nullfont!
Missing character: There is no e in font nullfont!
Missing character: There is no I in font nullfont!
Missing character: There is no n in font nullfont!
Missing character: There is no d in font nullfont!
Missing character: There is no u in font nullfont!
Missing character: There is no s in font nullfont!
Missing character: There is no t in font nullfont!
Missing character: There is no r in font nullfont!
Missing character: There is no i in font nullfont!
Missing character: There is no a in font nullfont!
Missing character: There is no l in font nullfont!
Missing character: There is no B in font nullfont!
Missing character: There is no o in font nullfont!
Missing character: There is no g in font nullfont!
Missing character: There is no o in font nullfont!
Missing character: There is no t in font nullfont!
Missing character: There is no Ã in font nullfont!
Missing character: There is no ¡ in font nullfont!
Missing character: There is no , in font nullfont!
Missing character: There is no C in font nullfont!
Missing character: There is no o in font nullfont!
Missing character: There is no l in font nullfont!
Missing character: There is no o in font nullfont!
Missing character: There is no m in font nullfont!
Missing character: There is no b in font nullfont!
Missing character: There is no i in font nullfont!
Missing character: There is no a in font nullfont!
Missing character: There is no 2 in font nullfont!
Missing character: There is no 0 in font nullfont!
Missing character: There is no 1 in font nullfont!
Missing character: There is no 6 in font nullfont!
)
! Emergency stop.
<*> HojaTituloMSc.tex
                     
*** (job aborted, no legal \end found)

 
Here is how much of TeX's memory you used:
 22 strings out of 493014
 282 string characters out of 6133351
 55601 words of memory out of 5000000
 3661 multiletter control sequences out of 15000+600000
 3948 words of font info for 15 fonts, out of 8000000 for 9000
 1141 hyphenation exceptions out of 8191
 19i,4n,16p,204b,140s stack positions out of 5000i,500n,10000p,200000b,80000s
!  ==> Fatal error occurred, no output PDF file produced!
